<?xml version="1.0" encoding="UTF-8"?>
<testng-results ignored="0" total="5" passed="4" failed="1" skipped="0">
  <reporter-output>
  </reporter-output>
  <suite started-at="2020-03-02T20:45:46Z" name="JomboneTestSuite" finished-at="2020-03-02T20:48:03Z" duration-ms="137297">
    <groups>
    </groups>
    <test started-at="2020-03-02T20:45:46Z" name="TestNGTest1" finished-at="2020-03-02T20:48:03Z" duration-ms="137297">
      <class name="com.testCases.JMB_TC_001">
        <test-method is-config="true" signature="setup()[pri:0, instance:com.testCases.JMB_TC_001@6cc7b4de]" started-at="2020-03-02T20:45:46Z" name="setup" finished-at="2020-03-02T20:46:00Z" duration-ms="14245" status="PASS">
          <reporter-output>
          </reporter-output>
        </test-method> <!-- setup -->
        <test-method signature="JMB_TC_001()[pri:1, instance:com.testCases.JMB_TC_001@6cc7b4de]" started-at="2020-03-02T20:46:00Z" name="JMB_TC_001" finished-at="2020-03-02T20:46:17Z" duration-ms="16705" status="PASS">
          <reporter-output>
          </reporter-output>
        </test-method> <!-- JMB_TC_001 -->
        <test-method is-config="true" signature="tearDown()[pri:0, instance:com.testCases.JMB_TC_001@6cc7b4de]" started-at="2020-03-02T20:46:17Z" name="tearDown" finished-at="2020-03-02T20:46:18Z" duration-ms="1409" status="PASS">
          <reporter-output>
          </reporter-output>
        </test-method> <!-- tearDown -->
      </class> <!-- com.testCases.JMB_TC_001 -->
      <class name="com.testCases.JMB_TC_002">
        <test-method is-config="true" signature="setup()[pri:0, instance:com.testCases.JMB_TC_002@32cf48b7]" started-at="2020-03-02T20:46:18Z" name="setup" finished-at="2020-03-02T20:46:33Z" duration-ms="14487" status="PASS">
          <reporter-output>
          </reporter-output>
        </test-method> <!-- setup -->
        <test-method signature="JMB_TC_002()[pri:2, instance:com.testCases.JMB_TC_002@32cf48b7]" started-at="2020-03-02T20:46:33Z" name="JMB_TC_002" finished-at="2020-03-02T20:46:43Z" duration-ms="9841" status="FAIL">
          <exception class="java.lang.AssertionError">
            <message>
              <![CDATA[The following asserts failed:
expected [false] but found [true]]]>
            </message>
            <full-stacktrace>
              <![CDATA[java.lang.AssertionError: The following asserts failed:
expected [false] but found [true]
at org.testng.asserts.SoftAssert.assertAll(SoftAssert.java:43)
at com.testCases.JMB_TC_002.JMB_TC_002(JMB_TC_002.java:62)
at java.base/jdk.internal.reflect.NativeMethodAccessorImpl.invoke0(Native Method)
at java.base/jdk.internal.reflect.NativeMethodAccessorImpl.invoke(NativeMethodAccessorImpl.java:62)
at java.base/jdk.internal.reflect.DelegatingMethodAccessorImpl.invoke(DelegatingMethodAccessorImpl.java:43)
at java.base/java.lang.reflect.Method.invoke(Method.java:566)
at org.testng.internal.MethodInvocationHelper.invokeMethod(MethodInvocationHelper.java:124)
at org.testng.internal.Invoker.invokeMethod(Invoker.java:583)
at org.testng.internal.Invoker.invokeTestMethod(Invoker.java:719)
at org.testng.internal.Invoker.invokeTestMethods(Invoker.java:989)
at org.testng.internal.TestMethodWorker.invokeTestMethods(TestMethodWorker.java:125)
at org.testng.internal.TestMethodWorker.run(TestMethodWorker.java:109)
at org.testng.TestRunner.privateRun(TestRunner.java:648)
at org.testng.TestRunner.run(TestRunner.java:505)
at org.testng.SuiteRunner.runTest(SuiteRunner.java:455)
at org.testng.SuiteRunner.runSequentially(SuiteRunner.java:450)
at org.testng.SuiteRunner.privateRun(SuiteRunner.java:415)
at org.testng.SuiteRunner.run(SuiteRunner.java:364)
at org.testng.SuiteRunnerWorker.runSuite(SuiteRunnerWorker.java:52)
at org.testng.SuiteRunnerWorker.run(SuiteRunnerWorker.java:84)
at org.testng.TestNG.runSuitesSequentially(TestNG.java:1208)
at org.testng.TestNG.runSuitesLocally(TestNG.java:1137)
at org.testng.TestNG.runSuites(TestNG.java:1049)
at org.testng.TestNG.run(TestNG.java:1017)
at org.apache.maven.surefire.testng.TestNGExecutor.run(TestNGExecutor.java:281)
at org.apache.maven.surefire.testng.TestNGXmlTestSuite.execute(TestNGXmlTestSuite.java:75)
at org.apache.maven.surefire.testng.TestNGProvider.invoke(TestNGProvider.java:121)
at org.apache.maven.surefire.booter.ForkedBooter.invokeProviderInSameClassLoader(ForkedBooter.java:290)
at org.apache.maven.surefire.booter.ForkedBooter.runSuitesInProcess(ForkedBooter.java:242)
at org.apache.maven.surefire.booter.ForkedBooter.main(ForkedBooter.java:121)
]]>
            </full-stacktrace>
          </exception> <!-- java.lang.AssertionError -->
          <reporter-output>
          </reporter-output>
        </test-method> <!-- JMB_TC_002 -->
        <test-method is-config="true" signature="tearDown()[pri:0, instance:com.testCases.JMB_TC_002@32cf48b7]" started-at="2020-03-02T20:46:43Z" name="tearDown" finished-at="2020-03-02T20:46:44Z" duration-ms="849" status="PASS">
          <reporter-output>
          </reporter-output>
        </test-method> <!-- tearDown -->
      </class> <!-- com.testCases.JMB_TC_002 -->
      <class name="com.testCases.JMB_TC_003">
        <test-method is-config="true" signature="setup()[pri:0, instance:com.testCases.JMB_TC_003@679b62af]" started-at="2020-03-02T20:46:44Z" name="setup" finished-at="2020-03-02T20:46:56Z" duration-ms="12295" status="PASS">
          <reporter-output>
          </reporter-output>
        </test-method> <!-- setup -->
        <test-method signature="JMB_TC_003()[pri:3, instance:com.testCases.JMB_TC_003@679b62af]" started-at="2020-03-02T20:46:56Z" name="JMB_TC_003" finished-at="2020-03-02T20:47:11Z" duration-ms="15115" status="PASS">
          <reporter-output>
          </reporter-output>
        </test-method> <!-- JMB_TC_003 -->
        <test-method is-config="true" signature="tearDown()[pri:0, instance:com.testCases.JMB_TC_003@679b62af]" started-at="2020-03-02T20:47:11Z" name="tearDown" finished-at="2020-03-02T20:47:12Z" duration-ms="795" status="PASS">
          <reporter-output>
          </reporter-output>
        </test-method> <!-- tearDown -->
      </class> <!-- com.testCases.JMB_TC_003 -->
      <class name="com.testCases.JMB_TC_004">
        <test-method is-config="true" signature="setup()[pri:0, instance:com.testCases.JMB_TC_004@5cdd8682]" started-at="2020-03-02T20:47:12Z" name="setup" finished-at="2020-03-02T20:47:24Z" duration-ms="12525" status="PASS">
          <reporter-output>
          </reporter-output>
        </test-method> <!-- setup -->
        <test-method signature="JMB_TC_004()[pri:3, instance:com.testCases.JMB_TC_004@5cdd8682]" started-at="2020-03-02T20:47:24Z" name="JMB_TC_004" finished-at="2020-03-02T20:47:37Z" duration-ms="12484" status="PASS">
          <reporter-output>
          </reporter-output>
        </test-method> <!-- JMB_TC_004 -->
        <test-method is-config="true" signature="tearDown()[pri:0, instance:com.testCases.JMB_TC_004@5cdd8682]" started-at="2020-03-02T20:47:37Z" name="tearDown" finished-at="2020-03-02T20:47:43Z" duration-ms="5943" status="PASS">
          <reporter-output>
          </reporter-output>
        </test-method> <!-- tearDown -->
      </class> <!-- com.testCases.JMB_TC_004 -->
      <class name="com.testCases.JMB_TC_005">
        <test-method is-config="true" signature="setup()[pri:0, instance:com.testCases.JMB_TC_005@d6da883]" started-at="2020-03-02T20:47:43Z" name="setup" finished-at="2020-03-02T20:47:56Z" duration-ms="13428" status="PASS">
          <reporter-output>
          </reporter-output>
        </test-method> <!-- setup -->
        <test-method signature="JMB_TC_005()[pri:5, instance:com.testCases.JMB_TC_005@d6da883]" started-at="2020-03-02T20:47:56Z" name="JMB_TC_005" finished-at="2020-03-02T20:48:02Z" duration-ms="5618" status="PASS">
          <reporter-output>
          </reporter-output>
        </test-method> <!-- JMB_TC_005 -->
        <test-method is-config="true" signature="tearDown()[pri:0, instance:com.testCases.JMB_TC_005@d6da883]" started-at="2020-03-02T20:48:02Z" name="tearDown" finished-at="2020-03-02T20:48:03Z" duration-ms="991" status="PASS">
          <reporter-output>
          </reporter-output>
        </test-method> <!-- tearDown -->
      </class> <!-- com.testCases.JMB_TC_005 -->
    </test> <!-- TestNGTest1 -->
  </suite> <!-- JomboneTestSuite -->
</testng-results>
